Using pre-set license
Built from '2020.3/staging' branch; Version is '2020.3.11f1 (99c7afb366b3) revision 10078127'; Using compiler version '192528614'; Build Type 'Release'
OS: 'Windows 10 Home; OS build 19043.1052; Version 2009; 64bit' Language: 'en' Physical Memory: 8076 MB
BatchMode: 1, IsHumanControllingUs: 0, StartBugReporterOnCrash: 0, Is64bit: 1, IsPro: 0

 COMMAND LINE ARGUMENTS:
C:\Program Files\Unity\Hub\Editor\2020.3.11f1\Editor\Unity.exe
-adb2
-batchMode
-noUpm
-name
AssetImportWorker0
-projectPath
C:/Users/Brian/OneDrive/Desktop/Unity Projects/Combat 5/Combat 5
-logFile
Logs/AssetImportWorker0.log
-srvPort
64643
Successfully changed project path to: C:/Users/Brian/OneDrive/Desktop/Unity Projects/Combat 5/Combat 5
C:/Users/Brian/OneDrive/Desktop/Unity Projects/Combat 5/Combat 5
Using Asset Import Pipeline V2.
Refreshing native plugins compatible for Editor in 46.69 ms, found 0 plugins.
Preloading 0 native plugins for Editor in 0.00 ms.
Initialize engine version: 2020.3.11f1 (99c7afb366b3)
[Subsystems] Discovering subsystems at path C:/Program Files/Unity/Hub/Editor/2020.3.11f1/Editor/Data/Resources/UnitySubsystems
[Subsystems] Discovering subsystems at path C:/Users/Brian/OneDrive/Desktop/Unity Projects/Combat 5/Combat 5/Assets
GfxDevice: creating device client; threaded=0
Direct3D:
    Version:  Direct3D 11.0 [level 11.1]
    Renderer: NVIDIA GeForce MX250 (ID=0x1d52)
    Vendor:   
    VRAM:     1983 MB
    Driver:   26.21.14.3187
Initialize mono
Mono path[0] = 'C:/Program Files/Unity/Hub/Editor/2020.3.11f1/Editor/Data/Managed'
Mono path[1] = 'C:/Program Files/Unity/Hub/Editor/2020.3.11f1/Editor/Data/MonoBleedingEdge/lib/mono/unityjit'
Mono config path = 'C:/Program Files/Unity/Hub/Editor/2020.3.11f1/Editor/Data/MonoBleedingEdge/etc'
Using monoOptions --debugger-agent=transport=dt_socket,embedding=1,server=y,suspend=n,address=127.0.0.1:56852
Begin MonoManager ReloadAssembly
Registering precompiled unity dll's ...
Register platform support module: C:/Program Files/Unity/Hub/Editor/2020.3.11f1/Editor/Data/PlaybackEngines/WebGLSupport/UnityEditor.WebGL.Extensions.dll
Register platform support module: C:/Program Files/Unity/Hub/Editor/2020.3.11f1/Editor/Data/PlaybackEngines/WindowsStandaloneSupport/UnityEditor.WindowsStandalone.Extensions.dll
Registered in 0.002806 seconds.
Native extension for WindowsStandalone target not found
Native extension for WebGL target not found
Refreshing native plugins compatible for Editor in 34.50 ms, found 0 plugins.
Preloading 0 native plugins for Editor in 0.00 ms.
Mono: successfully reloaded assembly
- Completed reload, in  2.622 seconds
Platform modules already initialized, skipping
Registering precompiled user dll's ...
Registered in 0.004618 seconds.
Begin MonoManager ReloadAssembly
Native extension for WindowsStandalone target not found
Native extension for WebGL target not found
Refreshing native plugins compatible for Editor in 0.32 ms, found 0 plugins.
Preloading 0 native plugins for Editor in 0.00 ms.
Mono: successfully reloaded assembly
- Completed reload, in  0.940 seconds
Platform modules already initialized, skipping
========================================================================
Worker process is ready to serve import requests
Launched and connected shader compiler UnityShaderCompiler.exe after 0.06 seconds
Refreshing native plugins compatible for Editor in 0.34 ms, found 0 plugins.
Preloading 0 native plugins for Editor in 0.00 ms.
Unloading 1344 Unused Serialized files (Serialized files now loaded: 0)
System memory in use before: 72.1 MB.
System memory in use after: 72.2 MB.

Unloading 13 unused Assets to reduce memory usage. Loaded Objects now: 1785.
Total: 2.086900 ms (FindLiveObjects: 0.157400 ms CreateObjectMapping: 0.048400 ms MarkObjects: 1.802100 ms  DeleteObjects: 0.077200 ms)

========================================================================
Received Import Request.
  path: Assets/Scenes/Main Scene/ReflectionProbe-0.exr
  artifactKey: Guid(5e1b466fbdaaa4e418a3921c57535d39) Importer(815301076,1909f56bfc062723c751e8b465ee728b)
Start importing Assets/Scenes/Main Scene/ReflectionProbe-0.exr using Guid(5e1b466fbdaaa4e418a3921c57535d39) Importer(815301076,1909f56bfc062723c751e8b465ee728b)  -> (artifact id: '68519ff80e77324075063506e4753608') in 0.158432 seconds
  Import took 0.161464 seconds .

========================================================================
Received Import Request.
  Time since last request: 0.000436 seconds.
  path: Assets/Scenes/Save 1/LightingData.asset
  artifactKey: Guid(dfcc8733e25dcd64cac18e0e5d85fdce) Importer(815301076,1909f56bfc062723c751e8b465ee728b)
Start importing Assets/Scenes/Save 1/LightingData.asset using Guid(dfcc8733e25dcd64cac18e0e5d85fdce) Importer(815301076,1909f56bfc062723c751e8b465ee728b)  -> (artifact id: '16aaa590c707802731d96a674330a6b8') in 0.013967 seconds
  Import took 0.017183 seconds .

========================================================================
Received Import Request.
  Time since last request: 0.000273 seconds.
  path: Assets/Scenes/Save 1
  artifactKey: Guid(1536c1d9ed5f7874fbe2031420769964) Importer(815301076,1909f56bfc062723c751e8b465ee728b)
Start importing Assets/Scenes/Save 1 using Guid(1536c1d9ed5f7874fbe2031420769964) Importer(815301076,1909f56bfc062723c751e8b465ee728b)  -> (artifact id: 'a06ee8ea0ce307e9cda4e20ab1041830') in 0.010623 seconds
  Import took 0.013930 seconds .

========================================================================
Received Import Request.
  Time since last request: 0.000252 seconds.
  path: Assets/Scenes/Main Scene/LightingData.asset
  artifactKey: Guid(db276be6d39b89147a712fe13fe97e4d) Importer(815301076,1909f56bfc062723c751e8b465ee728b)
Start importing Assets/Scenes/Main Scene/LightingData.asset using Guid(db276be6d39b89147a712fe13fe97e4d) Importer(815301076,1909f56bfc062723c751e8b465ee728b)  -> (artifact id: '89fe441a2594ca48409ac14383412f1c') in 0.003574 seconds
  Import took 0.006574 seconds .

========================================================================
Received Import Request.
  Time since last request: 0.000350 seconds.
  path: Assets/Scenes/Main Scene
  artifactKey: Guid(ee074191c0cffba4685bc353cd0abe0c) Importer(815301076,1909f56bfc062723c751e8b465ee728b)
Start importing Assets/Scenes/Main Scene using Guid(ee074191c0cffba4685bc353cd0abe0c) Importer(815301076,1909f56bfc062723c751e8b465ee728b)  -> (artifact id: 'a4cf5a3eae753a2ab358eca795d9082e') in 0.010471 seconds
  Import took 0.013656 seconds .

========================================================================
Received Import Request.
  Time since last request: 0.000235 seconds.
  path: Assets/Scenes/Save 1/ReflectionProbe-0.exr
  artifactKey: Guid(1a809aba89fd76c41b9eacfb11b33aa3) Importer(815301076,1909f56bfc062723c751e8b465ee728b)
Start importing Assets/Scenes/Save 1/ReflectionProbe-0.exr using Guid(1a809aba89fd76c41b9eacfb11b33aa3) Importer(815301076,1909f56bfc062723c751e8b465ee728b)  -> (artifact id: '65506edcb19db0fb24c27e4c42ed6d81') in 0.024139 seconds
  Import took 0.026988 seconds .

========================================================================
Received Import Request.
  Time since last request: 9.565267 seconds.
  path: Assets/Scenes/New Scene.unity
  artifactKey: Guid(e8ca922746fa5a945b67a4ba620b6e15) Importer(815301076,1909f56bfc062723c751e8b465ee728b)
Start importing Assets/Scenes/New Scene.unity using Guid(e8ca922746fa5a945b67a4ba620b6e15) Importer(815301076,1909f56bfc062723c751e8b465ee728b)  -> (artifact id: '702ec55d4f8c633196d36d1dabef4791') in 0.009120 seconds
  Import took 0.012785 seconds .

========================================================================
Received Import Request.
  Time since last request: 351.494133 seconds.
  path: Assets/Baby Minion Icon.png
  artifactKey: Guid(d0ff337a06ce8b0498c65679b18e1f3f) Importer(815301076,1909f56bfc062723c751e8b465ee728b)
Start importing Assets/Baby Minion Icon.png using Guid(d0ff337a06ce8b0498c65679b18e1f3f) Importer(815301076,1909f56bfc062723c751e8b465ee728b)  -> (artifact id: 'ba02ea81bd89009d4e07effd9df52b06') in 0.037923 seconds
  Import took 0.041908 seconds .

========================================================================
Received Import Request.
  Time since last request: 0.000335 seconds.
  path: Assets/Custom Cursor.png
  artifactKey: Guid(f650b105244be3d4cab5315d87874716) Importer(815301076,1909f56bfc062723c751e8b465ee728b)
Start importing Assets/Custom Cursor.png using Guid(f650b105244be3d4cab5315d87874716) Importer(815301076,1909f56bfc062723c751e8b465ee728b)  -> (artifact id: 'c8544f393868aaa5ebc952734a92a655') in 0.019067 seconds
  Import took 0.023368 seconds .

========================================================================
Received Import Request.
  Time since last request: 1.471141 seconds.
  path: Assets/Prefabs
  artifactKey: Guid(0c3d110b4ca1dac48b7ce2bf15d9a078) Importer(815301076,1909f56bfc062723c751e8b465ee728b)
Start importing Assets/Prefabs using Guid(0c3d110b4ca1dac48b7ce2bf15d9a078) Importer(815301076,1909f56bfc062723c751e8b465ee728b)  -> (artifact id: 'f60f5ae5e959aa89aace8d81d7191c70') in 0.010242 seconds
  Import took 0.012646 seconds .

========================================================================
Received Import Request.
  Time since last request: 0.067137 seconds.
  path: Assets/Prefabs/Bot.prefab
  artifactKey: Guid(f80ed55f3d8a5804d8cf782760256c25) Importer(815301076,1909f56bfc062723c751e8b465ee728b)
Start importing Assets/Prefabs/Bot.prefab using Guid(f80ed55f3d8a5804d8cf782760256c25) Importer(815301076,1909f56bfc062723c751e8b465ee728b)  -> (artifact id: '8afd1e52f790dccd75c577df51a979df') in 0.472223 seconds
  Import took 0.475575 seconds .

========================================================================
Received Import Request.
  Time since last request: 0.000307 seconds.
  path: Assets/Prefabs/Soldier.prefab
  artifactKey: Guid(8dbfe2e1e8386b94ca99e0e12c853703) Importer(815301076,1909f56bfc062723c751e8b465ee728b)
Start importing Assets/Prefabs/Soldier.prefab using Guid(8dbfe2e1e8386b94ca99e0e12c853703) Importer(815301076,1909f56bfc062723c751e8b465ee728b)  -> (artifact id: 'f5b868b76e063424ba8b0885b555793f') in 0.175882 seconds
  Import took 0.179543 seconds .

========================================================================
Received Import Request.
  Time since last request: 0.000297 seconds.
  path: Assets/Prefabs/Player.prefab
  artifactKey: Guid(f9324d7af7574fc4485bcc367de89d54) Importer(815301076,1909f56bfc062723c751e8b465ee728b)
Start importing Assets/Prefabs/Player.prefab using Guid(f9324d7af7574fc4485bcc367de89d54) Importer(815301076,1909f56bfc062723c751e8b465ee728b)  -> (artifact id: '9a106199e23a83577e579f23e7f79e34') in 0.027731 seconds
  Import took 0.031701 seconds .

========================================================================
Received Import Request.
  Time since last request: 0.000508 seconds.
  path: Assets/Prefabs/Bullet Hole Image.prefab
  artifactKey: Guid(42870b47d26061b4d8a076609b3beff8) Importer(815301076,1909f56bfc062723c751e8b465ee728b)
Start importing Assets/Prefabs/Bullet Hole Image.prefab using Guid(42870b47d26061b4d8a076609b3beff8) Importer(815301076,1909f56bfc062723c751e8b465ee728b)  -> (artifact id: 'ae5d4c841fcbe7ebb2b501510539e118') in 0.057572 seconds
  Import took 0.061493 seconds .

========================================================================
Received Import Request.
  Time since last request: 0.000169 seconds.
  path: Assets/Prefabs/BulletHole.prefab
  artifactKey: Guid(a198b7c348c9afc4cb28d13b93beea07) Importer(815301076,1909f56bfc062723c751e8b465ee728b)
Start importing Assets/Prefabs/BulletHole.prefab using Guid(a198b7c348c9afc4cb28d13b93beea07) Importer(815301076,1909f56bfc062723c751e8b465ee728b)  -> (artifact id: 'cb7560823c1d6d89c568a089729ee592') in 0.017302 seconds
  Import took 0.020456 seconds .

========================================================================
Received Import Request.
  Time since last request: 0.000187 seconds.
  path: Assets/Prefabs/Spawn Point.prefab
  artifactKey: Guid(63cd964d887b16742b68f4a01796344a) Importer(815301076,1909f56bfc062723c751e8b465ee728b)
Start importing Assets/Prefabs/Spawn Point.prefab using Guid(63cd964d887b16742b68f4a01796344a) Importer(815301076,1909f56bfc062723c751e8b465ee728b)  -> (artifact id: 'f12f6d3af36e7f384d726aed9912d456') in 0.011186 seconds
  Import took 0.014671 seconds .

========================================================================
Received Import Request.
  Time since last request: 0.000178 seconds.
  path: Assets/Prefabs/Network Manager.prefab
  artifactKey: Guid(369a202347d377b4b899e74e57e0495b) Importer(815301076,1909f56bfc062723c751e8b465ee728b)
Start importing Assets/Prefabs/Network Manager.prefab using Guid(369a202347d377b4b899e74e57e0495b) Importer(815301076,1909f56bfc062723c751e8b465ee728b)  -> (artifact id: '99a6a4529e2f99aa5d1333bc215d2197') in 0.024479 seconds
  Import took 0.027709 seconds .

========================================================================
Received Import Request.
  Time since last request: 0.000209 seconds.
  path: Assets/Prefabs/Seperatist Spray.prefab
  artifactKey: Guid(e6d4c3d3c3f283a47a8a8b8349604886) Importer(815301076,1909f56bfc062723c751e8b465ee728b)
Start importing Assets/Prefabs/Seperatist Spray.prefab using Guid(e6d4c3d3c3f283a47a8a8b8349604886) Importer(815301076,1909f56bfc062723c751e8b465ee728b)  -> (artifact id: 'c53194d1344f12c49826a358d9e100ab') in 0.024657 seconds
  Import took 0.028569 seconds .

========================================================================
Received Import Request.
  Time since last request: 0.000220 seconds.
  path: Assets/Prefabs/Spawn GFX.prefab
  artifactKey: Guid(85c3fe94a0207cc478dcc10893a5f0ed) Importer(815301076,1909f56bfc062723c751e8b465ee728b)
Start importing Assets/Prefabs/Spawn GFX.prefab using Guid(85c3fe94a0207cc478dcc10893a5f0ed) Importer(815301076,1909f56bfc062723c751e8b465ee728b)  -> (artifact id: '9d76d1431191ebae61af81c72b9b9152') in 0.014759 seconds
  Import took 0.019182 seconds .

========================================================================
Received Import Request.
  Time since last request: 0.000269 seconds.
  path: Assets/Prefabs/Player UI.prefab
  artifactKey: Guid(52366c82f6b65334fb84a3a38b9ed5c5) Importer(815301076,1909f56bfc062723c751e8b465ee728b)
Start importing Assets/Prefabs/Player UI.prefab using Guid(52366c82f6b65334fb84a3a38b9ed5c5) Importer(815301076,1909f56bfc062723c751e8b465ee728b)  -> (artifact id: 'd0e95a6cabc06618c6f29d439c5bbfd9') in 0.044726 seconds
  Import took 0.048606 seconds .

========================================================================
Received Import Request.
  Time since last request: 0.000226 seconds.
  path: Assets/Prefabs/YoungBoba.jpg
  artifactKey: Guid(d2b761903a02eb14aadaa43c29ebe378) Importer(815301076,1909f56bfc062723c751e8b465ee728b)
Start importing Assets/Prefabs/YoungBoba.jpg using Guid(d2b761903a02eb14aadaa43c29ebe378) Importer(815301076,1909f56bfc062723c751e8b465ee728b)  -> (artifact id: 'deade2ee99d5368c4ff525184c5169e4') in 0.022469 seconds
  Import took 0.026555 seconds .

========================================================================
Received Import Request.
  Time since last request: 0.000428 seconds.
  path: Assets/Prefabs/Seperatist Spray.png
  artifactKey: Guid(9d7e1909a5824054fbad3831e82ac1b8) Importer(815301076,1909f56bfc062723c751e8b465ee728b)
Start importing Assets/Prefabs/Seperatist Spray.png using Guid(9d7e1909a5824054fbad3831e82ac1b8) Importer(815301076,1909f56bfc062723c751e8b465ee728b)  -> (artifact id: '436161674cfdd0ce322ffbaab1fd48a6') in 0.042336 seconds
  Import took 0.046407 seconds .

========================================================================
Received Import Request.
  Time since last request: 39.653902 seconds.
  path: Assets/Scripts/PlayerShoot.cs
  artifactKey: Guid(43621dd7e36be154d92ba4fdd9f7ad71) Importer(815301076,1909f56bfc062723c751e8b465ee728b)
Start importing Assets/Scripts/PlayerShoot.cs using Guid(43621dd7e36be154d92ba4fdd9f7ad71) Importer(815301076,1909f56bfc062723c751e8b465ee728b)  -> (artifact id: '113b7d99ddf97aa86f5636b102f696f0') in 0.021335 seconds
  Import took 0.023869 seconds .

========================================================================
Received Import Request.
  Time since last request: 154.853004 seconds.
  path: Assets/Prefabs/Bot.prefab
  artifactKey: Guid(f80ed55f3d8a5804d8cf782760256c25) Importer(815301076,1909f56bfc062723c751e8b465ee728b)
Start importing Assets/Prefabs/Bot.prefab using Guid(f80ed55f3d8a5804d8cf782760256c25) Importer(815301076,1909f56bfc062723c751e8b465ee728b)  -> (artifact id: 'bbb6b2be58f6acd74fede18c0b62be87') in 0.020198 seconds
  Import took 0.024876 seconds .

========================================================================
Received Import Request.
  Time since last request: 33.655910 seconds.
  path: Assets/Prefabs/Bot.prefab
  artifactKey: Guid(f80ed55f3d8a5804d8cf782760256c25) Importer(815301076,1909f56bfc062723c751e8b465ee728b)
Start importing Assets/Prefabs/Bot.prefab using Guid(f80ed55f3d8a5804d8cf782760256c25) Importer(815301076,1909f56bfc062723c751e8b465ee728b)  -> (artifact id: 'dca68a11e3cf6ad0eda4a2ee0b52cc04') in 0.024179 seconds
  Import took 0.028562 seconds .

========================================================================
Received Import Request.
  Time since last request: 0.000345 seconds.
  path: Assets/Prefabs/Player.prefab
  artifactKey: Guid(f9324d7af7574fc4485bcc367de89d54) Importer(815301076,1909f56bfc062723c751e8b465ee728b)
Start importing Assets/Prefabs/Player.prefab using Guid(f9324d7af7574fc4485bcc367de89d54) Importer(815301076,1909f56bfc062723c751e8b465ee728b)  -> (artifact id: 'c2ebadef2284049e5aa1d018e94de579') in 0.025431 seconds
  Import took 0.028715 seconds .

AssetImportWorkerClient::OnTransportError - code=2 error=End of file
