Using pre-set license
Built from '2020.3/staging' branch; Version is '2020.3.11f1 (99c7afb366b3) revision 10078127'; Using compiler version '192528614'; Build Type 'Release'
OS: 'Windows 10 Home; OS build 19043.1165; Version 2009; 64bit' Language: 'en' Physical Memory: 8076 MB
BatchMode: 1, IsHumanControllingUs: 0, StartBugReporterOnCrash: 0, Is64bit: 1, IsPro: 0

 COMMAND LINE ARGUMENTS:
C:\Program Files\Unity\Hub\Editor\2020.3.11f1\Editor\Unity.exe
-adb2
-batchMode
-noUpm
-name
AssetImportWorker0
-projectPath
C:/Users/Brian/OneDrive/Desktop/Unity Projects/Combat 5/Combat 5
-logFile
Logs/AssetImportWorker0.log
-srvPort
49393
Successfully changed project path to: C:/Users/Brian/OneDrive/Desktop/Unity Projects/Combat 5/Combat 5
C:/Users/Brian/OneDrive/Desktop/Unity Projects/Combat 5/Combat 5
Using Asset Import Pipeline V2.
Refreshing native plugins compatible for Editor in 57.70 ms, found 2 plugins.
Preloading 0 native plugins for Editor in 0.00 ms.
Initialize engine version: 2020.3.11f1 (99c7afb366b3)
[Subsystems] Discovering subsystems at path C:/Program Files/Unity/Hub/Editor/2020.3.11f1/Editor/Data/Resources/UnitySubsystems
[Subsystems] Discovering subsystems at path C:/Users/Brian/OneDrive/Desktop/Unity Projects/Combat 5/Combat 5/Assets
GfxDevice: creating device client; threaded=0
Direct3D:
    Version:  Direct3D 11.0 [level 11.1]
    Renderer: NVIDIA GeForce MX250 (ID=0x1d52)
    Vendor:   
    VRAM:     1983 MB
    Driver:   26.21.14.3187
Initialize mono
Mono path[0] = 'C:/Program Files/Unity/Hub/Editor/2020.3.11f1/Editor/Data/Managed'
Mono path[1] = 'C:/Program Files/Unity/Hub/Editor/2020.3.11f1/Editor/Data/MonoBleedingEdge/lib/mono/unityjit'
Mono config path = 'C:/Program Files/Unity/Hub/Editor/2020.3.11f1/Editor/Data/MonoBleedingEdge/etc'
Using monoOptions --debugger-agent=transport=dt_socket,embedding=1,server=y,suspend=n,address=127.0.0.1:56252
Begin MonoManager ReloadAssembly
Registering precompiled unity dll's ...
Register platform support module: C:/Program Files/Unity/Hub/Editor/2020.3.11f1/Editor/Data/PlaybackEngines/WebGLSupport/UnityEditor.WebGL.Extensions.dll
Register platform support module: C:/Program Files/Unity/Hub/Editor/2020.3.11f1/Editor/Data/PlaybackEngines/WindowsStandaloneSupport/UnityEditor.WindowsStandalone.Extensions.dll
Registered in 0.004420 seconds.
Native extension for WindowsStandalone target not found
Native extension for WebGL target not found
Refreshing native plugins compatible for Editor in 37.00 ms, found 2 plugins.
Preloading 0 native plugins for Editor in 0.00 ms.
Mono: successfully reloaded assembly
- Completed reload, in  3.599 seconds
Platform modules already initialized, skipping
Registering precompiled user dll's ...
Registered in 0.010975 seconds.
Begin MonoManager ReloadAssembly
Native extension for WindowsStandalone target not found
Native extension for WebGL target not found
Refreshing native plugins compatible for Editor in 0.45 ms, found 2 plugins.
Preloading 0 native plugins for Editor in 0.00 ms.
Mono: successfully reloaded assembly
- Completed reload, in  1.130 seconds
Platform modules already initialized, skipping
========================================================================
Worker process is ready to serve import requests
Launched and connected shader compiler UnityShaderCompiler.exe after 0.09 seconds
Refreshing native plugins compatible for Editor in 1.16 ms, found 2 plugins.
Preloading 0 native plugins for Editor in 0.00 ms.
Unloading 1404 Unused Serialized files (Serialized files now loaded: 0)
System memory in use before: 67.7 MB.
System memory in use after: 67.7 MB.

Unloading 18 unused Assets to reduce memory usage. Loaded Objects now: 1842.
Total: 3.068700 ms (FindLiveObjects: 0.176000 ms CreateObjectMapping: 0.182500 ms MarkObjects: 2.618500 ms  DeleteObjects: 0.090300 ms)

========================================================================
Received Import Request.
  path: Assets/Prefabs/Bot.prefab
  artifactKey: Guid(f80ed55f3d8a5804d8cf782760256c25) Importer(815301076,1909f56bfc062723c751e8b465ee728b)
Start importing Assets/Prefabs/Bot.prefab using Guid(f80ed55f3d8a5804d8cf782760256c25) Importer(815301076,1909f56bfc062723c751e8b465ee728b)  -> (artifact id: '8b4e426f9b73634bb6376705fb23c548') in 0.230321 seconds
  Import took 0.237093 seconds .

========================================================================
Received Import Request.
  Time since last request: 0.000528 seconds.
  path: Assets/Prefabs/Player.prefab
  artifactKey: Guid(f9324d7af7574fc4485bcc367de89d54) Importer(815301076,1909f56bfc062723c751e8b465ee728b)
Start importing Assets/Prefabs/Player.prefab using Guid(f9324d7af7574fc4485bcc367de89d54) Importer(815301076,1909f56bfc062723c751e8b465ee728b)  -> (artifact id: 'fa908b407274e2024567d30e2fecf4b6') in 0.027386 seconds
  Import took 0.035297 seconds .

========================================================================
Received Import Request.
  Time since last request: 0.000409 seconds.
  path: Assets/Prefabs/Spawn Point.prefab
  artifactKey: Guid(63cd964d887b16742b68f4a01796344a) Importer(815301076,1909f56bfc062723c751e8b465ee728b)
Start importing Assets/Prefabs/Spawn Point.prefab using Guid(63cd964d887b16742b68f4a01796344a) Importer(815301076,1909f56bfc062723c751e8b465ee728b)  -> (artifact id: '2520d9e3b6659dd827f099ab45d9f3e6') in 0.011290 seconds
  Import took 0.016234 seconds .

========================================================================
Received Import Request.
  Time since last request: 0.000207 seconds.
  path: Assets/Prefabs/Network Manager.prefab
  artifactKey: Guid(369a202347d377b4b899e74e57e0495b) Importer(815301076,1909f56bfc062723c751e8b465ee728b)
Start importing Assets/Prefabs/Network Manager.prefab using Guid(369a202347d377b4b899e74e57e0495b) Importer(815301076,1909f56bfc062723c751e8b465ee728b)  -> (artifact id: '90f4a06992ac7c67d61b70b5ad15eaab') in 0.010213 seconds
  Import took 0.013435 seconds .

========================================================================
Received Import Request.
  Time since last request: 0.000211 seconds.
  path: Assets/Prefabs/YoungBoba.jpg
  artifactKey: Guid(d2b761903a02eb14aadaa43c29ebe378) Importer(815301076,1909f56bfc062723c751e8b465ee728b)
Start importing Assets/Prefabs/YoungBoba.jpg using Guid(d2b761903a02eb14aadaa43c29ebe378) Importer(815301076,1909f56bfc062723c751e8b465ee728b)  -> (artifact id: 'e08394c1cd87c9ef2312143bbe94d348') in 0.040030 seconds
  Import took 0.045556 seconds .

========================================================================
Received Import Request.
  Time since last request: 0.000233 seconds.
  path: Assets/Prefabs/Seperatist Spray.png
  artifactKey: Guid(9d7e1909a5824054fbad3831e82ac1b8) Importer(815301076,1909f56bfc062723c751e8b465ee728b)
Start importing Assets/Prefabs/Seperatist Spray.png using Guid(9d7e1909a5824054fbad3831e82ac1b8) Importer(815301076,1909f56bfc062723c751e8b465ee728b)  -> (artifact id: 'dc006d5cbb5dc36c4645ce73692b2067') in 0.052015 seconds
  Import took 0.057019 seconds .

========================================================================
Received Import Request.
  Time since last request: 34.794864 seconds.
  path: Assets/more hit sounds
  artifactKey: Guid(5f9c579293fd39a4dbcbe41e8253cba6) Importer(815301076,1909f56bfc062723c751e8b465ee728b)
Start importing Assets/more hit sounds using Guid(5f9c579293fd39a4dbcbe41e8253cba6) Importer(815301076,1909f56bfc062723c751e8b465ee728b)  -> (artifact id: 'fd9782afae57da291b329b926e200421') in 0.009216 seconds
  Import took 0.012417 seconds .

AssetImportWorkerClient::OnTransportError - code=2 error=End of file
